
2026-04-10 20:30:35,026 | Program basladi. Kayitlar klasoru olusturuldu: app.log
2026-04-10 20:30:35,651 | Kisi tespit edildi. ID: 0, Durum: NORMAL
2026-04-10 20:30:35,800 | Kisi tespit edildi. ID: 0, Durum: NORMAL
2026-04-10 20:30:35,916 | Kisi tespit edildi. ID: 0, Durum: NORMAL
2026-04-10 20:30:36,028 | Kisi tespit edildi. ID: 0, Durum: NORMAL
2026-04-10 20:30:36,139 | Kisi tespit edildi. ID: 0, Durum: NORMAL
2026-04-10 20:30:36,243 | Kisi tespit edildi. ID: 0, Durum: NORMAL
2026-04-10 20:30:36,359 | Kisi tespit edildi. ID: 0, Durum: NORMAL
2026-04-10 20:30:36,467 | Kisi tespit edildi. ID: 0, Durum: NORMAL
2026-04-10 20:30:36,563 | Kisi tespit edildi. ID: 0, Durum: NORMAL
2026-04-10 20:30:36,657 | Kisi tespit edildi. ID: 0, Durum: NORMAL
2026-04-10 20:30:36,861 | Kisi tespit edildi. ID: 0, Durum: NORMAL
2026-04-10 20:30:36,973 | Kisi tespit edildi. ID: 0, Durum: NORMAL
2026-04-10 20:30:37,076 | Kisi tespit edildi. ID: 0, Durum: NORMAL
2026-04-10 20:30:37,176 | Kisi tespit edildi. ID: 0, Durum: NORMAL
2026-04-10 20:30:37,281 | Kisi tespit edildi. ID: 0, Durum: NORMAL
2026-04-10 20:30:37,390 | Kisi tespit edildi. ID: 0, Durum: NORMAL
2026-04-10 20:30:37,495 | Kisi tespit edildi. ID: 0, Durum: NORMAL
2026-04-10 20:30:37,599 | Kisi tespit edildi. ID: 0, Durum: NORMAL
2026-04-10 20:30:37,716 | Kisi tespit edildi. ID: 0, Durum: NORMAL
2026-04-10 20:30:37,717 | HAREKETSIZ IHLALI BASLADI ID: 0
2026-04-10 20:30:37,731 | HAREKETSIZ IHLALI BASLADI | ID: 0
2026-04-10 20:30:37,821 | Kisi tespit edildi. ID: 0, Durum: NORMAL
2026-04-10 20:30:37,822 | HAREKETSIZ IHLALI BASLADI ID: 0
2026-04-10 20:30:37,946 | Kisi tespit edildi. ID: 0, Durum: NORMAL
2026-04-10 20:30:37,947 | HAREKETSIZ IHLALI BASLADI ID: 0
2026-04-10 20:30:38,059 | Kisi tespit edildi. ID: 0, Durum: NORMAL
2026-04-10 20:30:38,060 | HAREKETSIZ IHLALI BASLADI ID: 0
2026-04-10 20:30:38,186 | Kisi tespit edildi. ID: 0, Durum: NORMAL
2026-04-10 20:30:38,187 | HAREKETSIZ IHLALI BASLADI ID: 0
2026-04-10 20:30:38,314 | Kisi tespit edildi. ID: 0, Durum: NORMAL
2026-04-10 20:30:38,316 | HAREKETSIZ IHLALI BASLADI ID: 0
2026-04-10 20:30:38,440 | Kisi tespit edildi. ID: 0, Durum: NORMAL
2026-04-10 20:30:38,440 | HAREKETSIZ IHLALI BASLADI ID: 0
2026-04-10 20:30:38,561 | Kisi tespit edildi. ID: 0, Durum: NORMAL
2026-04-10 20:30:38,563 | HAREKETSIZ IHLALI BASLADI ID: 0
2026-04-10 20:30:38,689 | Kisi tespit edildi. ID: 0, Durum: NORMAL
2026-04-10 20:30:38,690 | HAREKETSIZ IHLALI BASLADI ID: 0
2026-04-10 20:30:38,805 | Kisi tespit edildi. ID: 0, Durum: NORMAL
2026-04-10 20:30:38,805 | HAREKETSIZ IHLALI BASLADI ID: 0
2026-04-10 20:30:38,930 | Kisi tespit edildi. ID: 0, Durum: NORMAL
2026-04-10 20:30:38,930 | HAREKETSIZ IHLALI BASLADI ID: 0
2026-04-10 20:30:39,060 | Kisi tespit edildi. ID: 0, Durum: NORMAL
2026-04-10 20:30:39,061 | HAREKETSIZ IHLALI BASLADI ID: 0
2026-04-10 20:30:39,220 | Kisi tespit edildi. ID: 0, Durum: NORMAL
2026-04-10 20:30:39,221 | HAREKETSIZ IHLALI BASLADI ID: 0
2026-04-10 20:30:39,357 | Kisi tespit edildi. ID: 0, Durum: NORMAL
2026-04-10 20:30:39,359 | HAREKETSIZ IHLALI BASLADI ID: 0
2026-04-10 20:30:39,482 | Kisi tespit edildi. ID: 0, Durum: NORMAL
2026-04-10 20:30:39,485 | HAREKETSIZ IHLALI BASLADI ID: 0
2026-04-10 20:30:39,619 | Kisi tespit edildi. ID: 0, Durum: NORMAL
2026-04-10 20:30:39,620 | HAREKETSIZ IHLALI BASLADI ID: 0
2026-04-10 20:30:39,752 | Kisi tespit edildi. ID: 0, Durum: NORMAL
2026-04-10 20:30:39,753 | HAREKETSIZ IHLALI BASLADI ID: 0
2026-04-10 20:30:39,886 | Kisi tespit edildi. ID: 0, Durum: NORMAL
2026-04-10 20:30:39,888 | HAREKETSIZ IHLALI BASLADI ID: 0
2026-04-10 20:30:40,012 | Kisi tespit edildi. ID: 0, Durum: NORMAL
2026-04-10 20:30:40,013 | HAREKETSIZ IHLALI BASLADI ID: 0
2026-04-10 20:30:40,135 | Kisi tespit edildi. ID: 0, Durum: NORMAL
2026-04-10 20:30:40,136 | HAREKETSIZ IHLALI BASLADI ID: 0
2026-04-10 20:30:40,260 | Kisi tespit edildi. ID: 0, Durum: NORMAL
2026-04-10 20:30:40,262 | HAREKETSIZ IHLALI BASLADI ID: 0
2026-04-10 20:30:40,386 | Kisi tespit edildi. ID: 0, Durum: NORMAL
2026-04-10 20:30:40,388 | HAREKETSIZ IHLALI BASLADI ID: 0
2026-04-10 20:30:40,522 | Kisi tespit edildi. ID: 0, Durum: NORMAL
2026-04-10 20:30:40,523 | HAREKETSIZ IHLALI BASLADI ID: 0
2026-04-10 20:30:40,656 | Kisi tespit edildi. ID: 0, Durum: NORMAL
2026-04-10 20:30:40,657 | HAREKETSIZ IHLALI BASLADI ID: 0
2026-04-10 20:30:40,779 | Kisi tespit edildi. ID: 0, Durum: NORMAL
2026-04-10 20:30:40,780 | HAREKETSIZ IHLALI BASLADI ID: 0
2026-04-10 20:30:40,901 | Kisi tespit edildi. ID: 0, Durum: NORMAL
2026-04-10 20:30:40,903 | HAREKETSIZ IHLALI BASLADI ID: 0
2026-04-10 20:30:41,034 | Kisi tespit edildi. ID: 0, Durum: NORMAL
2026-04-10 20:30:41,035 | HAREKETSIZ IHLALI BASLADI ID: 0
2026-04-10 20:30:41,150 | Kisi tespit edildi. ID: 0, Durum: NORMAL
2026-04-10 20:30:41,151 | HAREKETSIZ IHLALI BASLADI ID: 0
2026-04-10 20:30:41,279 | Kisi tespit edildi. ID: 0, Durum: NORMAL
2026-04-10 20:30:41,280 | HAREKETSIZ IHLALI BASLADI ID: 0
2026-04-10 20:30:41,400 | Kisi tespit edildi. ID: 0, Durum: NORMAL
2026-04-10 20:30:41,401 | HAREKETSIZ IHLALI BASLADI ID: 0
2026-04-10 20:30:41,547 | Kisi tespit edildi. ID: 0, Durum: NORMAL
2026-04-10 20:30:41,548 | HAREKETSIZ IHLALI BASLADI ID: 0
2026-04-10 20:30:41,672 | Kisi tespit edildi. ID: 0, Durum: NORMAL
2026-04-10 20:30:41,674 | HAREKETSIZ IHLALI BASLADI ID: 0
2026-04-10 20:30:41,817 | Kisi tespit edildi. ID: 0, Durum: NORMAL
2026-04-10 20:30:41,818 | HAREKETSIZ IHLALI BASLADI ID: 0
2026-04-10 20:30:41,926 | Kisi tespit edildi. ID: 0, Durum: NORMAL
2026-04-10 20:30:41,927 | HAREKETSIZ IHLALI BASLADI ID: 0
2026-04-10 20:30:42,052 | Kisi tespit edildi. ID: 0, Durum: NORMAL
2026-04-10 20:30:42,053 | HAREKETSIZ IHLALI BASLADI ID: 0
2026-04-10 20:30:42,168 | Kisi tespit edildi. ID: 0, Durum: NORMAL
2026-04-10 20:30:42,168 | HAREKETSIZ IHLALI BASLADI ID: 0
2026-04-10 20:30:42,286 | Kisi tespit edildi. ID: 0, Durum: NORMAL
2026-04-10 20:30:42,287 | HAREKETSIZ IHLALI BASLADI ID: 0
2026-04-10 20:30:42,418 | Kisi tespit edildi. ID: 0, Durum: NORMAL
2026-04-10 20:30:42,418 | HAREKETSIZ IHLALI BASLADI ID: 0
2026-04-10 20:30:42,546 | Kisi tespit edildi. ID: 0, Durum: NORMAL
2026-04-10 20:30:42,548 | HAREKETSIZ IHLALI BASLADI ID: 0
2026-04-10 20:30:42,663 | Kisi tespit edildi. ID: 0, Durum: NORMAL
2026-04-10 20:30:42,664 | HAREKETSIZ IHLALI BASLADI ID: 0
2026-04-10 20:30:42,797 | Kisi tespit edildi. ID: 0, Durum: NORMAL
2026-04-10 20:30:42,798 | HAREKETSIZ IHLALI BASLADI ID: 0
2026-04-10 20:30:42,922 | Kisi tespit edildi. ID: 0, Durum: NORMAL
2026-04-10 20:30:42,923 | HAREKETSIZ IHLALI BASLADI ID: 0
2026-04-10 20:30:43,057 | Kisi tespit edildi. ID: 0, Durum: NORMAL
2026-04-10 20:30:43,058 | HAREKETSIZ IHLALI BASLADI ID: 0
2026-04-10 20:30:43,163 | Kisi tespit edildi. ID: 0, Durum: NORMAL
2026-04-10 20:30:43,164 | HAREKETSIZ IHLALI BASLADI ID: 0
2026-04-10 20:30:43,285 | Kisi tespit edildi. ID: 0, Durum: NORMAL
2026-04-10 20:30:43,286 | HAREKETSIZ IHLALI BASLADI ID: 0
2026-04-10 20:30:43,419 | Kisi tespit edildi. ID: 0, Durum: NORMAL
2026-04-10 20:30:43,420 | HAREKETSIZ IHLALI BASLADI ID: 0
2026-04-10 20:30:43,549 | Kisi tespit edildi. ID: 0, Durum: NORMAL
2026-04-10 20:30:43,550 | HAREKETSIZ IHLALI BASLADI ID: 0
2026-04-10 20:30:43,675 | Kisi tespit edildi. ID: 0, Durum: NORMAL
2026-04-10 20:30:43,675 | HAREKETSIZ IHLALI BASLADI ID: 0
2026-04-10 20:30:43,690 | GOZ IHLALI BASLADI ID: 0
2026-04-10 20:30:43,693 | UYKU IHLALI BASLADI ID: 0
2026-04-10 20:30:43,693 | UYUYOR IHLALI BASLADI | ID: 0
2026-04-10 20:30:43,810 | Kisi tespit edildi. ID: 0, Durum: NORMAL
2026-04-10 20:30:43,810 | HAREKETSIZ IHLALI BASLADI ID: 0
2026-04-10 20:30:43,829 | GOZ IHLALI BASLADI ID: 0
2026-04-10 20:30:43,831 | UYKU IHLALI BASLADI ID: 0
2026-04-10 20:30:43,946 | Kisi tespit edildi. ID: 0, Durum: NORMAL
2026-04-10 20:30:43,947 | HAREKETSIZ IHLALI BASLADI ID: 0
2026-04-10 20:30:43,969 | GOZ IHLALI BASLADI ID: 0
2026-04-10 20:30:43,971 | UYKU IHLALI BASLADI ID: 0
2026-04-10 20:30:44,080 | Kisi tespit edildi. ID: 0, Durum: NORMAL
2026-04-10 20:30:44,081 | HAREKETSIZ IHLALI BASLADI ID: 0
2026-04-10 20:30:44,097 | GOZ IHLALI BASLADI ID: 0
2026-04-10 20:30:44,099 | UYKU IHLALI BASLADI ID: 0
2026-04-10 20:30:44,208 | Kisi tespit edildi. ID: 0, Durum: NORMAL
2026-04-10 20:30:44,209 | HAREKETSIZ IHLALI BASLADI ID: 0
2026-04-10 20:30:44,229 | GOZ IHLALI BASLADI ID: 0
2026-04-10 20:30:44,231 | UYKU IHLALI BASLADI ID: 0
2026-04-10 20:30:44,360 | Kisi tespit edildi. ID: 0, Durum: NORMAL
2026-04-10 20:30:44,360 | HAREKETSIZ IHLALI BASLADI ID: 0
2026-04-10 20:30:44,381 | GOZ IHLALI BASLADI ID: 0
2026-04-10 20:30:44,383 | UYKU IHLALI BASLADI ID: 0
2026-04-10 20:30:44,496 | Kisi tespit edildi. ID: 0, Durum: NORMAL
2026-04-10 20:30:44,497 | HAREKETSIZ IHLALI BASLADI ID: 0
2026-04-10 20:30:44,513 | GOZ IHLALI BASLADI ID: 0
2026-04-10 20:30:44,514 | UYKU IHLALI BASLADI ID: 0
2026-04-10 20:30:44,620 | Kisi tespit edildi. ID: 0, Durum: NORMAL
2026-04-10 20:30:44,621 | HAREKETSIZ IHLALI BASLADI ID: 0
2026-04-10 20:30:44,636 | GOZ IHLALI BASLADI ID: 0
2026-04-10 20:30:44,638 | UYKU IHLALI BASLADI ID: 0
2026-04-10 20:30:44,740 | Kisi tespit edildi. ID: 0, Durum: NORMAL
2026-04-10 20:30:44,741 | HAREKETSIZ IHLALI BASLADI ID: 0
2026-04-10 20:30:44,766 | GOZ IHLALI BASLADI ID: 0
2026-04-10 20:30:44,767 | UYKU IHLALI BASLADI ID: 0
2026-04-10 20:30:44,880 | Kisi tespit edildi. ID: 0, Durum: NORMAL
2026-04-10 20:30:44,881 | HAREKETSIZ IHLALI BASLADI ID: 0
2026-04-10 20:30:44,903 | GOZ IHLALI BASLADI ID: 0
2026-04-10 20:30:44,904 | UYKU IHLALI BASLADI ID: 0
2026-04-10 20:30:45,022 | Kisi tespit edildi. ID: 0, Durum: NORMAL
2026-04-10 20:30:45,026 | HAREKETSIZ IHLALI BASLADI ID: 0
2026-04-10 20:30:45,049 | GOZ IHLALI BASLADI ID: 0
2026-04-10 20:30:45,051 | UYKU IHLALI BASLADI ID: 0
2026-04-10 20:30:45,160 | Kisi tespit edildi. ID: 0, Durum: NORMAL
2026-04-10 20:30:45,161 | HAREKETSIZ IHLALI BASLADI ID: 0
2026-04-10 20:30:45,178 | GOZ IHLALI BASLADI ID: 0
2026-04-10 20:30:45,180 | UYKU IHLALI BASLADI ID: 0
2026-04-10 20:30:45,300 | Kisi tespit edildi. ID: 0, Durum: NORMAL
2026-04-10 20:30:45,301 | HAREKETSIZ IHLALI BASLADI ID: 0
2026-04-10 20:30:45,320 | GOZ IHLALI BASLADI ID: 0
2026-04-10 20:30:45,321 | UYKU IHLALI BASLADI ID: 0
2026-04-10 20:30:45,453 | Kisi tespit edildi. ID: 0, Durum: NORMAL
2026-04-10 20:30:45,454 | HAREKETSIZ IHLALI BASLADI ID: 0
2026-04-10 20:30:45,469 | GOZ IHLALI BASLADI ID: 0
2026-04-10 20:30:45,470 | UYKU IHLALI BASLADI ID: 0
2026-04-10 20:30:45,569 | Kisi tespit edildi. ID: 0, Durum: NORMAL
2026-04-10 20:30:45,571 | HAREKETSIZ IHLALI BASLADI ID: 0
2026-04-10 20:30:45,590 | HAREKETSIZ IHLALI BASLADI | ID: 0
2026-04-10 20:30:45,719 | Kisi tespit edildi. ID: 0, Durum: NORMAL
2026-04-10 20:30:45,719 | HAREKETSIZ IHLALI BASLADI ID: 0
2026-04-10 20:30:45,862 | Kisi tespit edildi. ID: 0, Durum: NORMAL
2026-04-10 20:30:45,863 | HAREKETSIZ IHLALI BASLADI ID: 0
2026-04-10 20:30:45,997 | Kisi tespit edildi. ID: 0, Durum: NORMAL
2026-04-10 20:30:45,998 | HAREKETSIZ IHLALI BASLADI ID: 0
2026-04-10 20:30:46,138 | Kisi tespit edildi. ID: 0, Durum: NORMAL
2026-04-10 20:30:46,142 | HAREKETSIZ IHLALI BASLADI ID: 0
2026-04-10 20:30:46,305 | Kisi tespit edildi. ID: 0, Durum: NORMAL
2026-04-10 20:30:46,306 | HAREKETSIZ IHLALI BASLADI ID: 0
2026-04-10 20:30:46,462 | Kisi tespit edildi. ID: 0, Durum: NORMAL
2026-04-10 20:30:46,463 | HAREKETSIZ IHLALI BASLADI ID: 0
2026-04-10 20:30:46,619 | Kisi tespit edildi. ID: 0, Durum: NORMAL
2026-04-10 20:30:46,620 | HAREKETSIZ IHLALI BASLADI ID: 0
2026-04-10 20:30:46,761 | Kisi tespit edildi. ID: 0, Durum: NORMAL
2026-04-10 20:30:46,763 | HAREKETSIZ IHLALI BASLADI ID: 0
2026-04-10 20:30:46,897 | Kisi tespit edildi. ID: 0, Durum: NORMAL
2026-04-10 20:30:46,897 | HAREKETSIZ IHLALI BASLADI ID: 0
2026-04-10 20:30:47,059 | Kisi tespit edildi. ID: 0, Durum: NORMAL
2026-04-10 20:30:47,059 | HAREKETSIZ IHLALI BASLADI ID: 0
2026-04-10 20:30:47,207 | Kisi tespit edildi. ID: 0, Durum: NORMAL
2026-04-10 20:30:47,207 | HAREKETSIZ IHLALI BASLADI ID: 0
2026-04-10 20:30:47,358 | Kisi tespit edildi. ID: 0, Durum: NORMAL
2026-04-10 20:30:47,359 | HAREKETSIZ IHLALI BASLADI ID: 0
2026-04-10 20:30:47,491 | Kisi tespit edildi. ID: 0, Durum: NORMAL
2026-04-10 20:30:47,492 | HAREKETSIZ IHLALI BASLADI ID: 0
2026-04-10 20:30:47,638 | Kisi tespit edildi. ID: 0, Durum: NORMAL
2026-04-10 20:30:47,639 | HAREKETSIZ IHLALI BASLADI ID: 0
2026-04-10 20:30:47,760 | Kisi tespit edildi. ID: 0, Durum: NORMAL
2026-04-10 20:30:47,761 | HAREKETSIZ IHLALI BASLADI ID: 0
2026-04-10 20:30:47,880 | Kisi tespit edildi. ID: 0, Durum: NORMAL
2026-04-10 20:30:47,881 | HAREKETSIZ IHLALI BASLADI ID: 0
2026-04-10 20:30:48,007 | Kisi tespit edildi. ID: 0, Durum: NORMAL
2026-04-10 20:30:48,008 | HAREKETSIZ IHLALI BASLADI ID: 0
2026-04-10 20:30:48,131 | Kisi tespit edildi. ID: 0, Durum: NORMAL
2026-04-10 20:30:48,131 | HAREKETSIZ IHLALI BASLADI ID: 0
2026-04-10 20:30:48,244 | Kisi tespit edildi. ID: 0, Durum: NORMAL
2026-04-10 20:30:48,245 | HAREKETSIZ IHLALI BASLADI ID: 0
2026-04-10 20:30:48,380 | Kisi tespit edildi. ID: 0, Durum: NORMAL
2026-04-10 20:30:48,381 | HAREKETSIZ IHLALI BASLADI ID: 0
2026-04-10 20:30:48,505 | Kisi tespit edildi. ID: 0, Durum: NORMAL
2026-04-10 20:30:48,507 | HAREKETSIZ IHLALI BASLADI ID: 0
2026-04-10 20:30:48,634 | Kisi tespit edildi. ID: 0, Durum: NORMAL
2026-04-10 20:30:48,635 | HAREKETSIZ IHLALI BASLADI ID: 0
2026-04-10 20:30:48,754 | Kisi tespit edildi. ID: 0, Durum: NORMAL
2026-04-10 20:30:48,755 | HAREKETSIZ IHLALI BASLADI ID: 0
2026-04-10 20:30:48,862 | Kisi tespit edildi. ID: 0, Durum: NORMAL
2026-04-10 20:30:48,863 | HAREKETSIZ IHLALI BASLADI ID: 0
2026-04-10 20:30:48,977 | Kisi tespit edildi. ID: 0, Durum: NORMAL
2026-04-10 20:30:48,978 | HAREKETSIZ IHLALI BASLADI ID: 0
2026-04-10 20:30:49,086 | Kisi tespit edildi. ID: 0, Durum: NORMAL
2026-04-10 20:30:49,087 | HAREKETSIZ IHLALI BASLADI ID: 0
2026-04-10 20:30:49,237 | Kisi tespit edildi. ID: 0, Durum: NORMAL
2026-04-10 20:30:49,238 | HAREKETSIZ IHLALI BASLADI ID: 0
2026-04-10 20:30:49,378 | Kisi tespit edildi. ID: 0, Durum: NORMAL
2026-04-10 20:30:49,380 | HAREKETSIZ IHLALI BASLADI ID: 0
2026-04-10 20:30:49,498 | Kisi tespit edildi. ID: 0, Durum: NORMAL
2026-04-10 20:30:49,499 | HAREKETSIZ IHLALI BASLADI ID: 0
2026-04-10 20:30:49,623 | Kisi tespit edildi. ID: 0, Durum: NORMAL
2026-04-10 20:30:49,624 | HAREKETSIZ IHLALI BASLADI ID: 0
2026-04-10 20:30:49,746 | Kisi tespit edildi. ID: 0, Durum: NORMAL
2026-04-10 20:30:49,746 | HAREKETSIZ IHLALI BASLADI ID: 0
2026-04-10 20:30:49,882 | Kisi tespit edildi. ID: 0, Durum: NORMAL
2026-04-10 20:30:49,883 | HAREKETSIZ IHLALI BASLADI ID: 0
2026-04-10 20:30:50,022 | Kisi tespit edildi. ID: 0, Durum: NORMAL
2026-04-10 20:30:50,023 | HAREKETSIZ IHLALI BASLADI ID: 0
2026-04-10 20:30:50,136 | Kisi tespit edildi. ID: 0, Durum: NORMAL
2026-04-10 20:30:50,139 | HAREKETSIZ IHLALI BASLADI ID: 0
2026-04-10 20:30:50,260 | Kisi tespit edildi. ID: 0, Durum: NORMAL
2026-04-10 20:30:50,262 | HAREKETSIZ IHLALI BASLADI ID: 0
2026-04-10 20:30:50,374 | Kisi tespit edildi. ID: 0, Durum: NORMAL
2026-04-10 20:30:50,375 | HAREKETSIZ IHLALI BASLADI ID: 0
2026-04-10 20:30:50,498 | Kisi tespit edildi. ID: 0, Durum: NORMAL
2026-04-10 20:30:50,499 | HAREKETSIZ IHLALI BASLADI ID: 0
2026-04-10 20:30:50,618 | Kisi tespit edildi. ID: 0, Durum: NORMAL
2026-04-10 20:30:50,618 | HAREKETSIZ IHLALI BASLADI ID: 0
2026-04-10 20:30:50,741 | Kisi tespit edildi. ID: 0, Durum: NORMAL
2026-04-10 20:30:50,741 | HAREKETSIZ IHLALI BASLADI ID: 0
2026-04-10 20:30:50,857 | Kisi tespit edildi. ID: 0, Durum: NORMAL
2026-04-10 20:30:50,858 | HAREKETSIZ IHLALI BASLADI ID: 0
2026-04-10 20:30:50,966 | Kisi tespit edildi. ID: 0, Durum: NORMAL
2026-04-10 20:30:50,967 | HAREKETSIZ IHLALI BASLADI ID: 0
2026-04-10 20:30:51,076 | Kisi tespit edildi. ID: 0, Durum: NORMAL
2026-04-10 20:30:51,076 | HAREKETSIZ IHLALI BASLADI ID: 0
2026-04-10 20:30:51,213 | Kisi tespit edildi. ID: 0, Durum: NORMAL
2026-04-10 20:30:51,214 | HAREKETSIZ IHLALI BASLADI ID: 0
2026-04-10 20:30:51,329 | Kisi tespit edildi. ID: 0, Durum: NORMAL
2026-04-10 20:30:51,330 | HAREKETSIZ IHLALI BASLADI ID: 0
2026-04-10 20:30:51,450 | Kisi tespit edildi. ID: 0, Durum: NORMAL
2026-04-10 20:30:51,451 | HAREKETSIZ IHLALI BASLADI ID: 0
2026-04-10 20:30:51,583 | Kisi tespit edildi. ID: 0, Durum: NORMAL
2026-04-10 20:30:51,583 | HAREKETSIZ IHLALI BASLADI ID: 0
2026-04-10 20:30:51,703 | Kisi tespit edildi. ID: 0, Durum: NORMAL
2026-04-10 20:30:51,704 | HAREKETSIZ IHLALI BASLADI ID: 0
2026-04-10 20:30:51,822 | Kisi tespit edildi. ID: 0, Durum: NORMAL
2026-04-10 20:30:51,823 | HAREKETSIZ IHLALI BASLADI ID: 0
2026-04-10 20:30:51,958 | Kisi tespit edildi. ID: 0, Durum: NORMAL
2026-04-10 20:30:51,958 | HAREKETSIZ IHLALI BASLADI ID: 0
2026-04-10 20:30:52,082 | Kisi tespit edildi. ID: 0, Durum: NORMAL
2026-04-10 20:30:52,083 | HAREKETSIZ IHLALI BASLADI ID: 0
2026-04-10 20:30:52,212 | Kisi tespit edildi. ID: 0, Durum: NORMAL
2026-04-10 20:30:52,213 | HAREKETSIZ IHLALI BASLADI ID: 0
2026-04-10 20:30:52,339 | Kisi tespit edildi. ID: 0, Durum: NORMAL
2026-04-10 20:30:52,340 | HAREKETSIZ IHLALI BASLADI ID: 0
2026-04-10 20:30:52,470 | Kisi tespit edildi. ID: 0, Durum: NORMAL
2026-04-10 20:30:52,472 | HAREKETSIZ IHLALI BASLADI ID: 0
2026-04-10 20:30:52,598 | Kisi tespit edildi. ID: 0, Durum: NORMAL
2026-04-10 20:30:52,600 | HAREKETSIZ IHLALI BASLADI ID: 0
2026-04-10 20:30:52,729 | Kisi tespit edildi. ID: 0, Durum: NORMAL
2026-04-10 20:30:52,730 | HAREKETSIZ IHLALI BASLADI ID: 0
2026-04-10 20:30:52,853 | Kisi tespit edildi. ID: 0, Durum: NORMAL
2026-04-10 20:30:52,854 | HAREKETSIZ IHLALI BASLADI ID: 0
2026-04-10 20:30:52,981 | Kisi tespit edildi. ID: 0, Durum: NORMAL
2026-04-10 20:30:52,982 | HAREKETSIZ IHLALI BASLADI ID: 0
2026-04-10 20:30:53,102 | Kisi tespit edildi. ID: 0, Durum: NORMAL
2026-04-10 20:30:53,103 | HAREKETSIZ IHLALI BASLADI ID: 0
2026-04-10 20:30:53,243 | Kisi tespit edildi. ID: 0, Durum: NORMAL
2026-04-10 20:30:53,244 | HAREKETSIZ IHLALI BASLADI ID: 0
2026-04-10 20:30:53,367 | Kisi tespit edildi. ID: 0, Durum: NORMAL
2026-04-10 20:30:53,369 | HAREKETSIZ IHLALI BASLADI ID: 0
2026-04-10 20:30:53,496 | Kisi tespit edildi. ID: 0, Durum: NORMAL
2026-04-10 20:30:53,497 | HAREKETSIZ IHLALI BASLADI ID: 0
2026-04-10 20:30:53,615 | Kisi tespit edildi. ID: 0, Durum: NORMAL
2026-04-10 20:30:53,616 | HAREKETSIZ IHLALI BASLADI ID: 0
2026-04-10 20:30:53,747 | Kisi tespit edildi. ID: 0, Durum: NORMAL
2026-04-10 20:30:53,748 | HAREKETSIZ IHLALI BASLADI ID: 0
2026-04-10 20:30:53,878 | Kisi tespit edildi. ID: 0, Durum: NORMAL
2026-04-10 20:30:53,880 | HAREKETSIZ IHLALI BASLADI ID: 0
2026-04-10 20:30:54,012 | Kisi tespit edildi. ID: 0, Durum: NORMAL
2026-04-10 20:30:54,013 | HAREKETSIZ IHLALI BASLADI ID: 0
2026-04-10 20:30:54,134 | Kisi tespit edildi. ID: 0, Durum: NORMAL
2026-04-10 20:30:54,135 | HAREKETSIZ IHLALI BASLADI ID: 0
2026-04-10 20:30:54,259 | Kisi tespit edildi. ID: 0, Durum: NORMAL
2026-04-10 20:30:54,260 | HAREKETSIZ IHLALI BASLADI ID: 0
2026-04-10 20:30:54,383 | Kisi tespit edildi. ID: 0, Durum: NORMAL
2026-04-10 20:30:54,383 | HAREKETSIZ IHLALI BASLADI ID: 0
2026-04-10 20:30:54,495 | Kisi tespit edildi. ID: 0, Durum: NORMAL
2026-04-10 20:30:54,496 | HAREKETSIZ IHLALI BASLADI ID: 0
2026-04-10 20:30:54,618 | Kisi tespit edildi. ID: 0, Durum: NORMAL
2026-04-10 20:30:54,618 | HAREKETSIZ IHLALI BASLADI ID: 0
2026-04-10 20:30:54,725 | Kisi tespit edildi. ID: 0, Durum: NORMAL
2026-04-10 20:30:54,726 | HAREKETSIZ IHLALI BASLADI ID: 0
2026-04-10 20:30:54,870 | Kisi tespit edildi. ID: 0, Durum: NORMAL
2026-04-10 20:30:54,872 | HAREKETSIZ IHLALI BASLADI ID: 0
2026-04-10 20:30:55,006 | Kisi tespit edildi. ID: 0, Durum: NORMAL
2026-04-10 20:30:55,006 | HAREKETSIZ IHLALI BASLADI ID: 0
2026-04-10 20:30:55,121 | Kisi tespit edildi. ID: 0, Durum: NORMAL
2026-04-10 20:30:55,122 | HAREKETSIZ IHLALI BASLADI ID: 0
2026-04-10 20:30:55,236 | Kisi tespit edildi. ID: 0, Durum: NORMAL
2026-04-10 20:30:55,237 | HAREKETSIZ IHLALI BASLADI ID: 0
2026-04-10 20:30:55,386 | Kisi tespit edildi. ID: 0, Durum: NORMAL
2026-04-10 20:30:55,388 | HAREKETSIZ IHLALI BASLADI ID: 0
2026-04-10 20:30:55,510 | Kisi tespit edildi. ID: 0, Durum: NORMAL
2026-04-10 20:30:55,511 | HAREKETSIZ IHLALI BASLADI ID: 0
2026-04-10 20:30:55,655 | Kisi tespit edildi. ID: 0, Durum: NORMAL
2026-04-10 20:30:55,655 | HAREKETSIZ IHLALI BASLADI ID: 0
2026-04-10 20:30:55,784 | Kisi tespit edildi. ID: 0, Durum: NORMAL
2026-04-10 20:30:55,785 | HAREKETSIZ IHLALI BASLADI ID: 0
2026-04-10 20:30:55,938 | Kisi tespit edildi. ID: 0, Durum: NORMAL
2026-04-10 20:30:55,939 | HAREKETSIZ IHLALI BASLADI ID: 0
2026-04-10 20:30:56,081 | Kisi tespit edildi. ID: 0, Durum: NORMAL
2026-04-10 20:30:56,082 | HAREKETSIZ IHLALI BASLADI ID: 0
2026-04-10 20:30:56,236 | Kisi tespit edildi. ID: 0, Durum: NORMAL
2026-04-10 20:30:56,237 | HAREKETSIZ IHLALI BASLADI ID: 0
2026-04-10 20:30:56,363 | Kisi tespit edildi. ID: 0, Durum: NORMAL
2026-04-10 20:30:56,364 | HAREKETSIZ IHLALI BASLADI ID: 0
2026-04-10 20:30:56,497 | Kisi tespit edildi. ID: 0, Durum: NORMAL
2026-04-10 20:30:56,497 | HAREKETSIZ IHLALI BASLADI ID: 0
2026-04-10 20:30:56,612 | Kisi tespit edildi. ID: 0, Durum: NORMAL
2026-04-10 20:30:56,614 | HAREKETSIZ IHLALI BASLADI ID: 0
2026-04-10 20:30:56,740 | Kisi tespit edildi. ID: 0, Durum: NORMAL
2026-04-10 20:30:56,742 | HAREKETSIZ IHLALI BASLADI ID: 0
2026-04-10 20:30:56,881 | Kisi tespit edildi. ID: 0, Durum: NORMAL
2026-04-10 20:30:56,881 | HAREKETSIZ IHLALI BASLADI ID: 0
2026-04-10 20:30:57,027 | Kisi tespit edildi. ID: 0, Durum: NORMAL
2026-04-10 20:30:57,027 | HAREKETSIZ IHLALI BASLADI ID: 0
2026-04-10 20:30:57,155 | Kisi tespit edildi. ID: 0, Durum: NORMAL
2026-04-10 20:30:57,155 | HAREKETSIZ IHLALI BASLADI ID: 0
2026-04-10 20:30:57,280 | Kisi tespit edildi. ID: 0, Durum: NORMAL
2026-04-10 20:30:57,281 | HAREKETSIZ IHLALI BASLADI ID: 0
2026-04-10 20:30:57,430 | Kisi tespit edildi. ID: 0, Durum: NORMAL
2026-04-10 20:30:57,433 | HAREKETSIZ IHLALI BASLADI ID: 0
2026-04-10 20:30:57,554 | Kisi tespit edildi. ID: 0, Durum: NORMAL
2026-04-10 20:30:57,555 | HAREKETSIZ IHLALI BASLADI ID: 0
2026-04-10 20:30:57,675 | Kisi tespit edildi. ID: 0, Durum: NORMAL
2026-04-10 20:30:57,676 | HAREKETSIZ IHLALI BASLADI ID: 0
2026-04-10 20:30:57,801 | Kisi tespit edildi. ID: 0, Durum: NORMAL
2026-04-10 20:30:57,801 | HAREKETSIZ IHLALI BASLADI ID: 0
2026-04-10 20:30:57,909 | Kisi tespit edildi. ID: 0, Durum: NORMAL
2026-04-10 20:30:57,910 | HAREKETSIZ IHLALI BASLADI ID: 0
2026-04-10 20:30:58,029 | Kisi tespit edildi. ID: 0, Durum: NORMAL
2026-04-10 20:30:58,030 | HAREKETSIZ IHLALI BASLADI ID: 0
2026-04-10 20:30:58,147 | Kisi tespit edildi. ID: 0, Durum: NORMAL
2026-04-10 20:30:58,147 | HAREKETSIZ IHLALI BASLADI ID: 0
2026-04-10 20:30:58,278 | Kisi tespit edildi. ID: 0, Durum: NORMAL
2026-04-10 20:30:58,279 | HAREKETSIZ IHLALI BASLADI ID: 0
2026-04-10 20:30:58,409 | Kisi tespit edildi. ID: 0, Durum: NORMAL
2026-04-10 20:30:58,410 | HAREKETSIZ IHLALI BASLADI ID: 0
2026-04-10 20:30:58,537 | Kisi tespit edildi. ID: 0, Durum: NORMAL
2026-04-10 20:30:58,538 | HAREKETSIZ IHLALI BASLADI ID: 0
2026-04-10 20:30:58,650 | Kisi tespit edildi. ID: 0, Durum: NORMAL
2026-04-10 20:30:58,650 | HAREKETSIZ IHLALI BASLADI ID: 0
2026-04-10 20:30:58,769 | Kisi tespit edildi. ID: 0, Durum: NORMAL
2026-04-10 20:30:58,770 | HAREKETSIZ IHLALI BASLADI ID: 0
2026-04-10 20:30:58,884 | Kisi tespit edildi. ID: 0, Durum: NORMAL
2026-04-10 20:30:58,885 | HAREKETSIZ IHLALI BASLADI ID: 0
2026-04-10 20:30:59,028 | Kisi tespit edildi. ID: 0, Durum: NORMAL
2026-04-10 20:30:59,040 | HAREKETSIZ IHLALI BASLADI ID: 0
2026-04-10 20:30:59,192 | Kisi tespit edildi. ID: 0, Durum: NORMAL
2026-04-10 20:30:59,193 | HAREKETSIZ IHLALI BASLADI ID: 0
2026-04-10 20:30:59,314 | Kisi tespit edildi. ID: 0, Durum: NORMAL
2026-04-10 20:30:59,316 | HAREKETSIZ IHLALI BASLADI ID: 0
2026-04-10 20:30:59,448 | Kisi tespit edildi. ID: 0, Durum: NORMAL
2026-04-10 20:30:59,449 | HAREKETSIZ IHLALI BASLADI ID: 0
2026-04-10 20:30:59,584 | Kisi tespit edildi. ID: 0, Durum: NORMAL
2026-04-10 20:30:59,585 | HAREKETSIZ IHLALI BASLADI ID: 0
2026-04-10 20:30:59,711 | Kisi tespit edildi. ID: 0, Durum: NORMAL
2026-04-10 20:30:59,712 | HAREKETSIZ IHLALI BASLADI ID: 0
2026-04-10 20:30:59,827 | Kisi tespit edildi. ID: 0, Durum: NORMAL
2026-04-10 20:30:59,829 | HAREKETSIZ IHLALI BASLADI ID: 0
2026-04-10 20:30:59,955 | Kisi tespit edildi. ID: 0, Durum: NORMAL
2026-04-10 20:30:59,956 | HAREKETSIZ IHLALI BASLADI ID: 0
2026-04-10 20:31:00,091 | Kisi tespit edildi. ID: 0, Durum: NORMAL
2026-04-10 20:31:00,092 | HAREKETSIZ IHLALI BASLADI ID: 0
2026-04-10 20:31:00,225 | Kisi tespit edildi. ID: 0, Durum: NORMAL
2026-04-10 20:31:00,226 | HAREKETSIZ IHLALI BASLADI ID: 0
2026-04-10 20:31:00,365 | Kisi tespit edildi. ID: 0, Durum: NORMAL
2026-04-10 20:31:00,367 | HAREKETSIZ IHLALI BASLADI ID: 0
2026-04-10 20:31:00,503 | Kisi tespit edildi. ID: 0, Durum: NORMAL
2026-04-10 20:31:00,503 | HAREKETSIZ IHLALI BASLADI ID: 0
2026-04-10 20:31:00,691 | Kisi tespit edildi. ID: 0, Durum: NORMAL
2026-04-10 20:31:00,692 | HAREKETSIZ IHLALI BASLADI ID: 0
2026-04-10 20:31:00,870 | Kisi tespit edildi. ID: 0, Durum: NORMAL
2026-04-10 20:31:00,870 | HAREKETSIZ IHLALI BASLADI ID: 0
2026-04-10 20:31:01,005 | Kisi tespit edildi. ID: 0, Durum: NORMAL
2026-04-10 20:31:01,006 | HAREKETSIZ IHLALI BASLADI ID: 0
2026-04-10 20:31:01,198 | Kisi tespit edildi. ID: 0, Durum: NORMAL
2026-04-10 20:31:01,199 | HAREKETSIZ IHLALI BASLADI ID: 0
2026-04-10 20:31:01,435 | Kisi tespit edildi. ID: 0, Durum: NORMAL
2026-04-10 20:31:01,436 | HAREKETSIZ IHLALI BASLADI ID: 0
2026-04-10 20:31:01,730 | Kisi tespit edildi. ID: 0, Durum: NORMAL
2026-04-10 20:31:01,736 | HAREKETSIZ IHLALI BASLADI ID: 0
2026-04-10 20:31:01,979 | Kisi tespit edildi. ID: 0, Durum: NORMAL
2026-04-10 20:31:01,980 | HAREKETSIZ IHLALI BASLADI ID: 0
2026-04-10 20:31:02,177 | Kisi tespit edildi. ID: 0, Durum: NORMAL
2026-04-10 20:31:02,178 | HAREKETSIZ IHLALI BASLADI ID: 0
2026-04-10 20:31:02,404 | Kisi tespit edildi. ID: 0, Durum: NORMAL
2026-04-10 20:31:02,406 | HAREKETSIZ IHLALI BASLADI ID: 0
2026-04-10 20:31:02,731 | Kisi tespit edildi. ID: 0, Durum: NORMAL
2026-04-10 20:31:02,732 | HAREKETSIZ IHLALI BASLADI ID: 0
2026-04-10 20:31:02,940 | Kisi tespit edildi. ID: 0, Durum: NORMAL
2026-04-10 20:31:02,941 | HAREKETSIZ IHLALI BASLADI ID: 0
2026-04-10 20:31:16,180 | Program basladi. Kayitlar klasoru olusturuldu: app.log
2026-04-10 20:31:16,774 | Kisi tespit edildi. ID: 0, Durum: NORMAL
2026-04-10 20:31:16,925 | Kisi tespit edildi. ID: 0, Durum: NORMAL
2026-04-10 20:31:17,034 | Kisi tespit edildi. ID: 0, Durum: NORMAL
2026-04-10 20:31:17,132 | Kisi tespit edildi. ID: 0, Durum: NORMAL
2026-04-10 20:31:17,231 | Kisi tespit edildi. ID: 0, Durum: NORMAL
2026-04-10 20:31:17,331 | Kisi tespit edildi. ID: 0, Durum: NORMAL
2026-04-10 20:31:17,434 | Kisi tespit edildi. ID: 0, Durum: NORMAL
2026-04-10 20:31:17,552 | Kisi tespit edildi. ID: 0, Durum: NORMAL
2026-04-10 20:31:17,673 | Kisi tespit edildi. ID: 0, Durum: NORMAL
2026-04-10 20:31:17,773 | Kisi tespit edildi. ID: 0, Durum: NORMAL
2026-04-10 20:31:18,016 | Kisi tespit edildi. ID: 0, Durum: NORMAL
2026-04-10 20:31:18,126 | Kisi tespit edildi. ID: 0, Durum: NORMAL
2026-04-10 20:31:18,229 | Kisi tespit edildi. ID: 0, Durum: NORMAL
2026-04-10 20:31:18,338 | Kisi tespit edildi. ID: 0, Durum: NORMAL
2026-04-10 20:31:18,439 | Kisi tespit edildi. ID: 0, Durum: NORMAL
2026-04-10 20:31:18,547 | Kisi tespit edildi. ID: 0, Durum: NORMAL
2026-04-10 20:31:18,653 | Kisi tespit edildi. ID: 0, Durum: NORMAL
2026-04-10 20:31:18,753 | Kisi tespit edildi. ID: 0, Durum: NORMAL
2026-04-10 20:31:18,847 | Kisi tespit edildi. ID: 0, Durum: NORMAL
2026-04-10 20:31:18,847 | HAREKETSIZ IHLALI BASLADI ID: 0
2026-04-10 20:31:18,862 | HAREKETSIZ IHLALI BASLADI | ID: 0
2026-04-10 20:31:18,942 | Kisi tespit edildi. ID: 0, Durum: NORMAL
2026-04-10 20:31:18,944 | HAREKETSIZ IHLALI BASLADI ID: 0
2026-04-10 20:31:19,049 | Kisi tespit edildi. ID: 0, Durum: NORMAL
2026-04-10 20:31:19,050 | HAREKETSIZ IHLALI BASLADI ID: 0
2026-04-10 20:31:19,179 | Kisi tespit edildi. ID: 0, Durum: NORMAL
2026-04-10 20:31:19,179 | HAREKETSIZ IHLALI BASLADI ID: 0
2026-04-10 20:31:19,301 | Kisi tespit edildi. ID: 0, Durum: NORMAL
2026-04-10 20:31:19,302 | HAREKETSIZ IHLALI BASLADI ID: 0
2026-04-10 20:31:19,425 | Kisi tespit edildi. ID: 0, Durum: NORMAL
2026-04-10 20:31:19,426 | HAREKETSIZ IHLALI BASLADI ID: 0
2026-04-10 20:31:19,555 | Kisi tespit edildi. ID: 0, Durum: NORMAL
2026-04-10 20:31:19,557 | HAREKETSIZ IHLALI BASLADI ID: 0
2026-04-10 20:31:19,688 | Kisi tespit edildi. ID: 0, Durum: NORMAL
2026-04-10 20:31:19,688 | HAREKETSIZ IHLALI BASLADI ID: 0
2026-04-10 20:31:19,814 | Kisi tespit edildi. ID: 0, Durum: NORMAL
2026-04-10 20:31:19,815 | HAREKETSIZ IHLALI BASLADI ID: 0
2026-04-10 20:31:19,950 | Kisi tespit edildi. ID: 0, Durum: NORMAL
2026-04-10 20:31:19,952 | HAREKETSIZ IHLALI BASLADI ID: 0
2026-04-10 20:31:20,080 | Kisi tespit edildi. ID: 0, Durum: NORMAL
2026-04-10 20:31:20,081 | HAREKETSIZ IHLALI BASLADI ID: 0
2026-04-10 20:31:20,198 | Kisi tespit edildi. ID: 0, Durum: NORMAL
2026-04-10 20:31:20,200 | HAREKETSIZ IHLALI BASLADI ID: 0
2026-04-10 20:31:20,328 | Kisi tespit edildi. ID: 0, Durum: NORMAL
2026-04-10 20:31:20,328 | HAREKETSIZ IHLALI BASLADI ID: 0
2026-04-10 20:31:20,448 | Kisi tespit edildi. ID: 0, Durum: NORMAL
2026-04-10 20:31:20,450 | HAREKETSIZ IHLALI BASLADI ID: 0
2026-04-10 20:31:20,563 | Kisi tespit edildi. ID: 0, Durum: NORMAL
2026-04-10 20:31:20,564 | HAREKETSIZ IHLALI BASLADI ID: 0
2026-04-10 20:31:20,692 | Kisi tespit edildi. ID: 0, Durum: NORMAL
2026-04-10 20:31:20,693 | HAREKETSIZ IHLALI BASLADI ID: 0
2026-04-10 20:31:20,821 | Kisi tespit edildi. ID: 0, Durum: NORMAL
2026-04-10 20:31:20,822 | HAREKETSIZ IHLALI BASLADI ID: 0
2026-04-10 20:31:20,958 | Kisi tespit edildi. ID: 0, Durum: NORMAL
2026-04-10 20:31:20,958 | HAREKETSIZ IHLALI BASLADI ID: 0
2026-04-10 20:31:21,093 | Kisi tespit edildi. ID: 0, Durum: NORMAL
2026-04-10 20:31:21,093 | HAREKETSIZ IHLALI BASLADI ID: 0
2026-04-10 20:31:21,218 | Kisi tespit edildi. ID: 0, Durum: NORMAL
2026-04-10 20:31:21,219 | HAREKETSIZ IHLALI BASLADI ID: 0
2026-04-10 20:31:21,333 | Kisi tespit edildi. ID: 0, Durum: NORMAL
2026-04-10 20:31:21,334 | HAREKETSIZ IHLALI BASLADI ID: 0
2026-04-10 20:31:21,471 | Kisi tespit edildi. ID: 0, Durum: NORMAL
2026-04-10 20:31:21,472 | HAREKETSIZ IHLALI BASLADI ID: 0
2026-04-10 20:31:21,597 | Kisi tespit edildi. ID: 0, Durum: NORMAL
2026-04-10 20:31:21,598 | HAREKETSIZ IHLALI BASLADI ID: 0
2026-04-10 20:31:21,726 | Kisi tespit edildi. ID: 0, Durum: NORMAL
2026-04-10 20:31:21,727 | HAREKETSIZ IHLALI BASLADI ID: 0
2026-04-10 20:31:21,852 | Kisi tespit edildi. ID: 0, Durum: NORMAL
2026-04-10 20:31:21,853 | HAREKETSIZ IHLALI BASLADI ID: 0
2026-04-10 20:31:21,963 | Kisi tespit edildi. ID: 0, Durum: NORMAL
2026-04-10 20:31:21,963 | HAREKETSIZ IHLALI BASLADI ID: 0
2026-04-10 20:31:22,096 | Kisi tespit edildi. ID: 0, Durum: NORMAL
2026-04-10 20:31:22,097 | HAREKETSIZ IHLALI BASLADI ID: 0
2026-04-10 20:31:22,227 | Kisi tespit edildi. ID: 0, Durum: NORMAL
2026-04-10 20:31:22,229 | HAREKETSIZ IHLALI BASLADI ID: 0
2026-04-10 20:31:22,368 | Kisi tespit edildi. ID: 0, Durum: NORMAL
2026-04-10 20:31:22,369 | HAREKETSIZ IHLALI BASLADI ID: 0
2026-04-10 20:31:22,493 | Kisi tespit edildi. ID: 0, Durum: NORMAL
2026-04-10 20:31:22,494 | HAREKETSIZ IHLALI BASLADI ID: 0
2026-04-10 20:31:22,622 | Kisi tespit edildi. ID: 0, Durum: NORMAL
2026-04-10 20:31:22,623 | HAREKETSIZ IHLALI BASLADI ID: 0
2026-04-10 20:31:22,744 | Kisi tespit edildi. ID: 0, Durum: NORMAL
2026-04-10 20:31:22,745 | HAREKETSIZ IHLALI BASLADI ID: 0
2026-04-10 20:31:22,881 | Kisi tespit edildi. ID: 0, Durum: NORMAL
2026-04-10 20:31:22,882 | HAREKETSIZ IHLALI BASLADI ID: 0
2026-04-10 20:31:23,004 | Kisi tespit edildi. ID: 0, Durum: NORMAL
2026-04-10 20:31:23,005 | HAREKETSIZ IHLALI BASLADI ID: 0
2026-04-10 20:31:23,120 | Kisi tespit edildi. ID: 0, Durum: NORMAL
2026-04-10 20:31:23,120 | HAREKETSIZ IHLALI BASLADI ID: 0
2026-04-10 20:31:23,249 | Kisi tespit edildi. ID: 0, Durum: NORMAL
2026-04-10 20:31:23,251 | HAREKETSIZ IHLALI BASLADI ID: 0
2026-04-10 20:31:23,264 | GOZ IHLALI BASLADI ID: 0
2026-04-10 20:31:23,266 | UYKU IHLALI BASLADI ID: 0
2026-04-10 20:31:23,267 | UYUYOR IHLALI BASLADI | ID: 0
2026-04-10 20:31:23,373 | Kisi tespit edildi. ID: 0, Durum: NORMAL
2026-04-10 20:31:23,374 | HAREKETSIZ IHLALI BASLADI ID: 0
2026-04-10 20:31:23,399 | GOZ IHLALI BASLADI ID: 0
2026-04-10 20:31:23,400 | UYKU IHLALI BASLADI ID: 0
2026-04-10 20:31:23,502 | Kisi tespit edildi. ID: 0, Durum: NORMAL
2026-04-10 20:31:23,505 | HAREKETSIZ IHLALI BASLADI ID: 0
2026-04-10 20:31:23,522 | GOZ IHLALI BASLADI ID: 0
2026-04-10 20:31:23,523 | UYKU IHLALI BASLADI ID: 0
2026-04-10 20:31:23,634 | Kisi tespit edildi. ID: 0, Durum: NORMAL
2026-04-10 20:31:23,635 | HAREKETSIZ IHLALI BASLADI ID: 0
2026-04-10 20:31:23,658 | GOZ IHLALI BASLADI ID: 0
2026-04-10 20:31:23,660 | UYKU IHLALI BASLADI ID: 0
2026-04-10 20:31:23,780 | Kisi tespit edildi. ID: 0, Durum: NORMAL
2026-04-10 20:31:23,781 | HAREKETSIZ IHLALI BASLADI ID: 0
2026-04-10 20:31:23,801 | GOZ IHLALI BASLADI ID: 0
2026-04-10 20:31:23,803 | UYKU IHLALI BASLADI ID: 0
2026-04-10 20:31:23,933 | Kisi tespit edildi. ID: 0, Durum: NORMAL
2026-04-10 20:31:23,935 | HAREKETSIZ IHLALI BASLADI ID: 0
2026-04-10 20:31:23,950 | GOZ IHLALI BASLADI ID: 0
2026-04-10 20:31:23,951 | UYKU IHLALI BASLADI ID: 0
2026-04-10 20:31:24,071 | Kisi tespit edildi. ID: 0, Durum: NORMAL
2026-04-10 20:31:24,072 | HAREKETSIZ IHLALI BASLADI ID: 0
2026-04-10 20:31:24,094 | GOZ IHLALI BASLADI ID: 0
2026-04-10 20:31:24,095 | UYKU IHLALI BASLADI ID: 0
2026-04-10 20:31:24,232 | Kisi tespit edildi. ID: 0, Durum: NORMAL
2026-04-10 20:31:24,233 | HAREKETSIZ IHLALI BASLADI ID: 0
2026-04-10 20:31:24,259 | GOZ IHLALI BASLADI ID: 0
2026-04-10 20:31:24,260 | UYKU IHLALI BASLADI ID: 0
2026-04-10 20:31:24,395 | Kisi tespit edildi. ID: 0, Durum: NORMAL
2026-04-10 20:31:24,396 | HAREKETSIZ IHLALI BASLADI ID: 0
2026-04-10 20:31:24,417 | GOZ IHLALI BASLADI ID: 0
2026-04-10 20:31:24,418 | UYKU IHLALI BASLADI ID: 0
2026-04-10 20:31:24,555 | Kisi tespit edildi. ID: 0, Durum: NORMAL
2026-04-10 20:31:24,556 | HAREKETSIZ IHLALI BASLADI ID: 0
2026-04-10 20:31:24,580 | HAREKETSIZ IHLALI BASLADI | ID: 0
2026-04-10 20:31:24,705 | Kisi tespit edildi. ID: 0, Durum: NORMAL
2026-04-10 20:31:24,706 | HAREKETSIZ IHLALI BASLADI ID: 0
2026-04-10 20:31:24,866 | Kisi tespit edildi. ID: 0, Durum: NORMAL
2026-04-10 20:31:24,866 | HAREKETSIZ IHLALI BASLADI ID: 0
2026-04-10 20:31:25,012 | Kisi tespit edildi. ID: 0, Durum: NORMAL
2026-04-10 20:31:25,013 | HAREKETSIZ IHLALI BASLADI ID: 0
2026-04-10 20:31:25,167 | Kisi tespit edildi. ID: 0, Durum: NORMAL
2026-04-10 20:31:25,168 | HAREKETSIZ IHLALI BASLADI ID: 0
2026-04-10 20:31:25,338 | Kisi tespit edildi. ID: 0, Durum: NORMAL
2026-04-10 20:31:25,339 | HAREKETSIZ IHLALI BASLADI ID: 0
2026-04-10 20:31:25,470 | Kisi tespit edildi. ID: 0, Durum: NORMAL
2026-04-10 20:31:25,471 | HAREKETSIZ IHLALI BASLADI ID: 0
2026-04-10 20:31:25,640 | Kisi tespit edildi. ID: 0, Durum: NORMAL
2026-04-10 20:31:25,642 | HAREKETSIZ IHLALI BASLADI ID: 0
2026-04-10 20:31:25,809 | Kisi tespit edildi. ID: 0, Durum: NORMAL
2026-04-10 20:31:25,809 | HAREKETSIZ IHLALI BASLADI ID: 0
2026-04-10 20:31:25,977 | Kisi tespit edildi. ID: 0, Durum: NORMAL
2026-04-10 20:31:25,977 | HAREKETSIZ IHLALI BASLADI ID: 0
2026-04-10 20:31:26,111 | Kisi tespit edildi. ID: 0, Durum: NORMAL
2026-04-10 20:31:26,112 | HAREKETSIZ IHLALI BASLADI ID: 0
2026-04-10 20:31:26,263 | Kisi tespit edildi. ID: 0, Durum: NORMAL
2026-04-10 20:31:26,264 | HAREKETSIZ IHLALI BASLADI ID: 0
2026-04-10 20:31:26,387 | Kisi tespit edildi. ID: 0, Durum: NORMAL
2026-04-10 20:31:26,388 | HAREKETSIZ IHLALI BASLADI ID: 0
2026-04-10 20:31:26,508 | Kisi tespit edildi. ID: 0, Durum: NORMAL
2026-04-10 20:31:26,508 | HAREKETSIZ IHLALI BASLADI ID: 0
2026-04-10 20:31:26,618 | Kisi tespit edildi. ID: 0, Durum: NORMAL
2026-04-10 20:31:26,620 | HAREKETSIZ IHLALI BASLADI ID: 0
2026-04-10 20:31:26,743 | Kisi tespit edildi. ID: 0, Durum: NORMAL
2026-04-10 20:31:26,744 | HAREKETSIZ IHLALI BASLADI ID: 0
2026-04-10 20:31:26,868 | Kisi tespit edildi. ID: 0, Durum: NORMAL
2026-04-10 20:31:26,868 | HAREKETSIZ IHLALI BASLADI ID: 0
2026-04-10 20:31:26,983 | Kisi tespit edildi. ID: 0, Durum: NORMAL
2026-04-10 20:31:26,984 | HAREKETSIZ IHLALI BASLADI ID: 0
2026-04-10 20:31:27,116 | Kisi tespit edildi. ID: 0, Durum: NORMAL
2026-04-10 20:31:27,118 | HAREKETSIZ IHLALI BASLADI ID: 0
2026-04-10 20:31:27,228 | Kisi tespit edildi. ID: 0, Durum: NORMAL
2026-04-10 20:31:27,228 | HAREKETSIZ IHLALI BASLADI ID: 0
2026-04-10 20:31:27,341 | Kisi tespit edildi. ID: 0, Durum: NORMAL
2026-04-10 20:31:27,342 | HAREKETSIZ IHLALI BASLADI ID: 0
2026-04-10 20:31:27,472 | Kisi tespit edildi. ID: 0, Durum: NORMAL
2026-04-10 20:31:27,473 | HAREKETSIZ IHLALI BASLADI ID: 0
2026-04-10 20:31:27,601 | Kisi tespit edildi. ID: 0, Durum: NORMAL
2026-04-10 20:31:27,601 | HAREKETSIZ IHLALI BASLADI ID: 0
2026-04-10 20:31:27,718 | Kisi tespit edildi. ID: 0, Durum: NORMAL
2026-04-10 20:31:27,719 | HAREKETSIZ IHLALI BASLADI ID: 0
2026-04-10 20:31:27,861 | Kisi tespit edildi. ID: 0, Durum: NORMAL
2026-04-10 20:31:27,863 | HAREKETSIZ IHLALI BASLADI ID: 0
2026-04-10 20:31:28,012 | Kisi tespit edildi. ID: 0, Durum: NORMAL
2026-04-10 20:31:28,013 | HAREKETSIZ IHLALI BASLADI ID: 0
2026-04-10 20:31:28,133 | Kisi tespit edildi. ID: 0, Durum: NORMAL
2026-04-10 20:31:28,136 | HAREKETSIZ IHLALI BASLADI ID: 0
2026-04-10 20:31:28,266 | Kisi tespit edildi. ID: 0, Durum: NORMAL
2026-04-10 20:31:28,267 | HAREKETSIZ IHLALI BASLADI ID: 0
2026-04-10 20:31:28,402 | Kisi tespit edildi. ID: 0, Durum: NORMAL
2026-04-10 20:31:28,403 | HAREKETSIZ IHLALI BASLADI ID: 0
2026-04-10 20:31:28,549 | Kisi tespit edildi. ID: 0, Durum: NORMAL
2026-04-10 20:31:28,550 | HAREKETSIZ IHLALI BASLADI ID: 0
2026-04-10 20:31:28,682 | Kisi tespit edildi. ID: 0, Durum: NORMAL
2026-04-10 20:31:28,683 | HAREKETSIZ IHLALI BASLADI ID: 0
2026-04-10 20:31:28,835 | Kisi tespit edildi. ID: 0, Durum: NORMAL
2026-04-10 20:31:28,835 | HAREKETSIZ IHLALI BASLADI ID: 0
2026-04-10 20:31:28,968 | Kisi tespit edildi. ID: 0, Durum: NORMAL
2026-04-10 20:31:28,970 | HAREKETSIZ IHLALI BASLADI ID: 0
2026-04-10 20:31:29,116 | Kisi tespit edildi. ID: 0, Durum: NORMAL
2026-04-10 20:31:29,116 | HAREKETSIZ IHLALI BASLADI ID: 0
2026-04-10 20:31:29,269 | Kisi tespit edildi. ID: 0, Durum: NORMAL
2026-04-10 20:31:29,270 | HAREKETSIZ IHLALI BASLADI ID: 0
2026-04-10 20:31:29,404 | Kisi tespit edildi. ID: 0, Durum: NORMAL
2026-04-10 20:31:29,405 | HAREKETSIZ IHLALI BASLADI ID: 0
2026-04-10 20:31:29,537 | Kisi tespit edildi. ID: 0, Durum: NORMAL
2026-04-10 20:31:29,537 | HAREKETSIZ IHLALI BASLADI ID: 0
2026-04-10 20:31:29,667 | Kisi tespit edildi. ID: 0, Durum: NORMAL
2026-04-10 20:31:29,668 | HAREKETSIZ IHLALI BASLADI ID: 0
2026-04-10 20:31:29,798 | Kisi tespit edildi. ID: 0, Durum: NORMAL
2026-04-10 20:31:29,799 | HAREKETSIZ IHLALI BASLADI ID: 0
2026-04-10 20:31:29,948 | Kisi tespit edildi. ID: 0, Durum: NORMAL
2026-04-10 20:31:29,948 | HAREKETSIZ IHLALI BASLADI ID: 0
2026-04-10 20:31:30,123 | Kisi tespit edildi. ID: 0, Durum: NORMAL
2026-04-10 20:31:30,124 | HAREKETSIZ IHLALI BASLADI ID: 0
2026-04-10 20:31:30,288 | Kisi tespit edildi. ID: 0, Durum: NORMAL
2026-04-10 20:31:30,289 | HAREKETSIZ IHLALI BASLADI ID: 0
